Mar 25, 2012 8:45:31 PM org.neo4j.server.logging.Logger log
INFO: Starting Neo Server on port [7474] with [80] threads available
Mar 25, 2012 8:45:31 PM org.mortbay.log.Slf4jLog info
INFO: Logging to org.slf4j.impl.JDK14LoggerAdapter(org.mortbay.log) via org.mortbay.log.Slf4jLog
Mar 25, 2012 8:45:31 PM org.neo4j.server.logging.Logger log
INFO: Using database at D:\Code\THEREA~1\NEO4J-~1.1\data\graph.db
Mar 25, 2012 8:45:34 PM org.neo4j.server.logging.Logger log
INFO: Mounted discovery module at [/]
Mar 25, 2012 8:45:34 PM org.neo4j.server.logging.Logger log
INFO: Loaded server plugin "CypherPlugin"
Mar 25, 2012 8:45:34 PM org.neo4j.server.logging.Logger log
INFO: Loaded server plugin "GremlinPlugin"
Mar 25, 2012 8:45:34 PM org.neo4j.server.logging.Logger log
INFO: Mounted REST API at [/db/data/]
Mar 25, 2012 8:45:34 PM org.neo4j.server.logging.Logger log
INFO: Mounted management API at [/db/manage/]
Mar 25, 2012 8:45:34 PM org.neo4j.server.logging.Logger log
INFO: Mounted webadmin at [/webadmin]
Mar 25, 2012 8:45:34 PM org.neo4j.server.logging.Logger log
INFO: Mounting static content at [/webadmin] from [webadmin-html]
Mar 25, 2012 8:45:35 PM org.mortbay.log.Slf4jLog info
INFO: jetty-6.1.25
Mar 25, 2012 8:45:35 PM org.mortbay.log.Slf4jLog info
INFO: NO JSP Support for /webadmin, did not find org.apache.jasper.servlet.JspServlet
Mar 25, 2012 8:45:35 PM com.sun.jersey.api.core.PackagesResourceConfig init
INFO: Scanning for root resource and provider classes in the packages:
  org.neo4j.server.webadmin.rest
Mar 25, 2012 8:45:35 PM com.sun.jersey.api.core.ScanningResourceConfig logClasses
INFO: Root resource classes found:
  class org.neo4j.server.webadmin.rest.MonitorService
  class org.neo4j.server.webadmin.rest.JmxService
  class org.neo4j.server.webadmin.rest.ConsoleService
  class org.neo4j.server.webadmin.rest.RootService
Mar 25, 2012 8:45:35 PM com.sun.jersey.api.core.ScanningResourceConfig init
INFO: No provider classes found.
Mar 25, 2012 8:45:35 PM com.sun.jersey.server.impl.application.WebApplicationImpl _initiate
INFO: Initiating Jersey application, version 'Jersey: 1.9 09/02/2011 11:17 AM'
Mar 25, 2012 8:45:35 PM com.sun.jersey.api.core.PackagesResourceConfig init
INFO: Scanning for root resource and provider classes in the packages:
  org.neo4j.server.rest.web
Mar 25, 2012 8:45:35 PM com.sun.jersey.api.core.ScanningResourceConfig logClasses
INFO: Root resource classes found:
  class org.neo4j.server.rest.web.DatabaseMetadataService
  class org.neo4j.server.rest.web.RestfulGraphDatabase
  class org.neo4j.server.rest.web.ExtensionService
  class org.neo4j.server.rest.web.BatchOperationService
  class org.neo4j.server.rest.web.CypherService
  class org.neo4j.server.rest.web.ResourcesService
Mar 25, 2012 8:45:35 PM com.sun.jersey.api.core.ScanningResourceConfig logClasses
INFO: Provider classes found:
  class org.neo4j.server.rest.web.DatabaseBlockedExceptionMapper
Mar 25, 2012 8:45:35 PM com.sun.jersey.server.impl.application.WebApplicationImpl _initiate
INFO: Initiating Jersey application, version 'Jersey: 1.9 09/02/2011 11:17 AM'
Mar 25, 2012 8:45:36 PM com.sun.jersey.api.core.PackagesResourceConfig init
INFO: Scanning for root resource and provider classes in the packages:
  org.neo4j.server.rest.discovery
Mar 25, 2012 8:45:36 PM com.sun.jersey.api.core.ScanningResourceConfig logClasses
INFO: Root resource classes found:
  class org.neo4j.server.rest.discovery.DiscoveryService
Mar 25, 2012 8:45:36 PM com.sun.jersey.api.core.ScanningResourceConfig init
INFO: No provider classes found.
Mar 25, 2012 8:45:36 PM com.sun.jersey.server.impl.application.WebApplicationImpl _initiate
INFO: Initiating Jersey application, version 'Jersey: 1.9 09/02/2011 11:17 AM'
Mar 25, 2012 8:45:36 PM org.mortbay.log.Slf4jLog info
INFO: Started SelectChannelConnector@localhost:7474
Mar 25, 2012 8:45:36 PM org.neo4j.server.logging.Logger log
INFO: adding statistic-filter to /webadmin
Mar 25, 2012 8:45:36 PM org.neo4j.server.logging.Logger log
INFO: adding statistic-filter to /db/manage
Mar 25, 2012 8:45:36 PM org.neo4j.server.logging.Logger log
INFO: adding statistic-filter to /db/data
Mar 25, 2012 8:45:36 PM org.neo4j.server.logging.Logger log
INFO: adding statistic-filter to /
Mar 25, 2012 8:45:36 PM org.neo4j.server.logging.Logger log
INFO: Server started on [http://localhost:7474/]
Mar 26, 2012 11:32:28 PM org.neo4j.server.logging.Logger log
INFO: Starting Neo Server on port [7474] with [80] threads available
Mar 26, 2012 11:32:28 PM org.mortbay.log.Slf4jLog info
INFO: Logging to org.slf4j.impl.JDK14LoggerAdapter(org.mortbay.log) via org.mortbay.log.Slf4jLog
Mar 26, 2012 11:32:28 PM org.neo4j.server.logging.Logger log
INFO: Using database at D:\Code\THEREA~1\Tools\NEO4J-~1.1\data\graph.db
Mar 26, 2012 11:32:28 PM org.neo4j.kernel.impl.transaction.xaframework.XaLogicalLog doInternalRecovery
INFO: Non clean shutdown detected on log [D:\Code\TheRealDeal\Tools\neo4j-community-1.6.1\data\graph.db\nioneo_logical.log.1]. Recovery started ...
Mar 26, 2012 11:32:30 PM org.neo4j.kernel.impl.transaction.xaframework.XaLogicalLog doInternalRecovery
INFO: Non clean shutdown detected on log [D:\Code\TheRealDeal\Tools\neo4j-community-1.6.1\data\graph.db\index\lucene.log.1]. Recovery started ...
Mar 26, 2012 11:32:30 PM org.neo4j.kernel.impl.transaction.TxManager init
INFO: Unresolved transactions found, recovery started ...
Mar 26, 2012 11:32:30 PM org.neo4j.kernel.impl.transaction.TxManager init
INFO: Recovery completed, all transactions have been resolved to a consistent state.
Mar 26, 2012 11:32:32 PM org.neo4j.server.logging.Logger log
INFO: Mounted discovery module at [/]
Mar 26, 2012 11:32:32 PM org.neo4j.server.logging.Logger log
INFO: Loaded server plugin "CypherPlugin"
Mar 26, 2012 11:32:32 PM org.neo4j.server.logging.Logger log
INFO: Loaded server plugin "GremlinPlugin"
Mar 26, 2012 11:32:32 PM org.neo4j.server.logging.Logger log
INFO: Mounted REST API at [/db/data/]
Mar 26, 2012 11:32:32 PM org.neo4j.server.logging.Logger log
INFO: Mounted management API at [/db/manage/]
Mar 26, 2012 11:32:32 PM org.neo4j.server.logging.Logger log
INFO: Mounted webadmin at [/webadmin]
Mar 26, 2012 11:32:32 PM org.neo4j.server.logging.Logger log
INFO: Mounting static content at [/webadmin] from [webadmin-html]
Mar 26, 2012 11:32:32 PM org.mortbay.log.Slf4jLog info
INFO: jetty-6.1.25
Mar 26, 2012 11:32:32 PM org.mortbay.log.Slf4jLog info
INFO: NO JSP Support for /webadmin, did not find org.apache.jasper.servlet.JspServlet
Mar 26, 2012 11:32:32 PM com.sun.jersey.api.core.PackagesResourceConfig init
INFO: Scanning for root resource and provider classes in the packages:
  org.neo4j.server.webadmin.rest
Mar 26, 2012 11:32:32 PM com.sun.jersey.api.core.ScanningResourceConfig logClasses
INFO: Root resource classes found:
  class org.neo4j.server.webadmin.rest.MonitorService
  class org.neo4j.server.webadmin.rest.RootService
  class org.neo4j.server.webadmin.rest.ConsoleService
  class org.neo4j.server.webadmin.rest.JmxService
Mar 26, 2012 11:32:32 PM com.sun.jersey.api.core.ScanningResourceConfig init
INFO: No provider classes found.
Mar 26, 2012 11:32:32 PM com.sun.jersey.server.impl.application.WebApplicationImpl _initiate
INFO: Initiating Jersey application, version 'Jersey: 1.9 09/02/2011 11:17 AM'
Mar 26, 2012 11:32:33 PM com.sun.jersey.api.core.PackagesResourceConfig init
INFO: Scanning for root resource and provider classes in the packages:
  org.neo4j.server.rest.web
Mar 26, 2012 11:32:33 PM com.sun.jersey.api.core.ScanningResourceConfig logClasses
INFO: Root resource classes found:
  class org.neo4j.server.rest.web.CypherService
  class org.neo4j.server.rest.web.ExtensionService
  class org.neo4j.server.rest.web.BatchOperationService
  class org.neo4j.server.rest.web.RestfulGraphDatabase
  class org.neo4j.server.rest.web.DatabaseMetadataService
  class org.neo4j.server.rest.web.ResourcesService
Mar 26, 2012 11:32:33 PM com.sun.jersey.api.core.ScanningResourceConfig logClasses
INFO: Provider classes found:
  class org.neo4j.server.rest.web.DatabaseBlockedExceptionMapper
Mar 26, 2012 11:32:33 PM com.sun.jersey.server.impl.application.WebApplicationImpl _initiate
INFO: Initiating Jersey application, version 'Jersey: 1.9 09/02/2011 11:17 AM'
Mar 26, 2012 11:32:33 PM com.sun.jersey.api.core.PackagesResourceConfig init
INFO: Scanning for root resource and provider classes in the packages:
  org.neo4j.server.rest.discovery
Mar 26, 2012 11:32:33 PM com.sun.jersey.api.core.ScanningResourceConfig logClasses
INFO: Root resource classes found:
  class org.neo4j.server.rest.discovery.DiscoveryService
Mar 26, 2012 11:32:33 PM com.sun.jersey.api.core.ScanningResourceConfig init
INFO: No provider classes found.
Mar 26, 2012 11:32:33 PM com.sun.jersey.server.impl.application.WebApplicationImpl _initiate
INFO: Initiating Jersey application, version 'Jersey: 1.9 09/02/2011 11:17 AM'
Mar 26, 2012 11:32:33 PM org.mortbay.log.Slf4jLog info
INFO: Started SelectChannelConnector@localhost:7474
Mar 26, 2012 11:32:33 PM org.neo4j.server.logging.Logger log
INFO: adding statistic-filter to /webadmin
Mar 26, 2012 11:32:33 PM org.neo4j.server.logging.Logger log
INFO: adding statistic-filter to /db/manage
Mar 26, 2012 11:32:33 PM org.neo4j.server.logging.Logger log
INFO: adding statistic-filter to /db/data
Mar 26, 2012 11:32:33 PM org.neo4j.server.logging.Logger log
INFO: adding statistic-filter to /
Mar 26, 2012 11:32:33 PM org.neo4j.server.logging.Logger log
INFO: Server started on [http://localhost:7474/]
Mar 26, 2012 11:33:25 PM org.neo4j.server.logging.Logger log
INFO: Starting Neo Server on port [7474] with [80] threads available
Mar 26, 2012 11:33:25 PM org.mortbay.log.Slf4jLog info
INFO: Logging to org.slf4j.impl.JDK14LoggerAdapter(org.mortbay.log) via org.mortbay.log.Slf4jLog
Mar 26, 2012 11:33:25 PM org.neo4j.server.logging.Logger log
INFO: Using database at D:\Code\THEREA~1\Tools\NEO4J-~1.1\data\graph.db
Mar 26, 2012 11:33:25 PM org.neo4j.kernel.impl.transaction.xaframework.XaLogicalLog doInternalRecovery
INFO: Non clean shutdown detected on log [D:\Code\TheRealDeal\Tools\neo4j-community-1.6.1\data\graph.db\nioneo_logical.log.2]. Recovery started ...
Mar 26, 2012 11:33:26 PM org.neo4j.kernel.impl.transaction.xaframework.XaLogicalLog doInternalRecovery
INFO: Non clean shutdown detected on log [D:\Code\TheRealDeal\Tools\neo4j-community-1.6.1\data\graph.db\index\lucene.log.1]. Recovery started ...
Mar 26, 2012 11:33:28 PM org.neo4j.server.logging.Logger log
INFO: Mounted discovery module at [/]
Mar 26, 2012 11:33:28 PM org.neo4j.server.logging.Logger log
INFO: Loaded server plugin "CypherPlugin"
Mar 26, 2012 11:33:28 PM org.neo4j.server.logging.Logger log
INFO: Loaded server plugin "GremlinPlugin"
Mar 26, 2012 11:33:28 PM org.neo4j.server.logging.Logger log
INFO: Mounted REST API at [/db/data/]
Mar 26, 2012 11:33:28 PM org.neo4j.server.logging.Logger log
INFO: Mounted management API at [/db/manage/]
Mar 26, 2012 11:33:28 PM org.neo4j.server.logging.Logger log
INFO: Mounted webadmin at [/webadmin]
Mar 26, 2012 11:33:28 PM org.neo4j.server.logging.Logger log
INFO: Mounting static content at [/webadmin] from [webadmin-html]
Mar 26, 2012 11:33:28 PM org.mortbay.log.Slf4jLog info
INFO: jetty-6.1.25
Mar 26, 2012 11:33:28 PM org.mortbay.log.Slf4jLog info
INFO: NO JSP Support for /webadmin, did not find org.apache.jasper.servlet.JspServlet
Mar 26, 2012 11:33:28 PM com.sun.jersey.api.core.PackagesResourceConfig init
INFO: Scanning for root resource and provider classes in the packages:
  org.neo4j.server.webadmin.rest
Mar 26, 2012 11:33:28 PM com.sun.jersey.api.core.ScanningResourceConfig logClasses
INFO: Root resource classes found:
  class org.neo4j.server.webadmin.rest.JmxService
  class org.neo4j.server.webadmin.rest.RootService
  class org.neo4j.server.webadmin.rest.ConsoleService
  class org.neo4j.server.webadmin.rest.MonitorService
Mar 26, 2012 11:33:28 PM com.sun.jersey.api.core.ScanningResourceConfig init
INFO: No provider classes found.
Mar 26, 2012 11:33:28 PM com.sun.jersey.server.impl.application.WebApplicationImpl _initiate
INFO: Initiating Jersey application, version 'Jersey: 1.9 09/02/2011 11:17 AM'
Mar 26, 2012 11:33:29 PM com.sun.jersey.api.core.PackagesResourceConfig init
INFO: Scanning for root resource and provider classes in the packages:
  org.neo4j.server.rest.web
Mar 26, 2012 11:33:29 PM com.sun.jersey.api.core.ScanningResourceConfig logClasses
INFO: Root resource classes found:
  class org.neo4j.server.rest.web.CypherService
  class org.neo4j.server.rest.web.DatabaseMetadataService
  class org.neo4j.server.rest.web.ExtensionService
  class org.neo4j.server.rest.web.RestfulGraphDatabase
  class org.neo4j.server.rest.web.ResourcesService
  class org.neo4j.server.rest.web.BatchOperationService
Mar 26, 2012 11:33:29 PM com.sun.jersey.api.core.ScanningResourceConfig logClasses
INFO: Provider classes found:
  class org.neo4j.server.rest.web.DatabaseBlockedExceptionMapper
Mar 26, 2012 11:33:29 PM com.sun.jersey.server.impl.application.WebApplicationImpl _initiate
INFO: Initiating Jersey application, version 'Jersey: 1.9 09/02/2011 11:17 AM'
Mar 26, 2012 11:33:29 PM com.sun.jersey.api.core.PackagesResourceConfig init
INFO: Scanning for root resource and provider classes in the packages:
  org.neo4j.server.rest.discovery
Mar 26, 2012 11:33:29 PM com.sun.jersey.api.core.ScanningResourceConfig logClasses
INFO: Root resource classes found:
  class org.neo4j.server.rest.discovery.DiscoveryService
Mar 26, 2012 11:33:29 PM com.sun.jersey.api.core.ScanningResourceConfig init
INFO: No provider classes found.
Mar 26, 2012 11:33:29 PM com.sun.jersey.server.impl.application.WebApplicationImpl _initiate
INFO: Initiating Jersey application, version 'Jersey: 1.9 09/02/2011 11:17 AM'
Mar 26, 2012 11:33:29 PM org.mortbay.log.Slf4jLog info
INFO: Started SelectChannelConnector@localhost:7474
Mar 26, 2012 11:33:29 PM org.neo4j.server.logging.Logger log
INFO: adding statistic-filter to /webadmin
Mar 26, 2012 11:33:29 PM org.neo4j.server.logging.Logger log
INFO: adding statistic-filter to /db/manage
Mar 26, 2012 11:33:29 PM org.neo4j.server.logging.Logger log
INFO: adding statistic-filter to /db/data
Mar 26, 2012 11:33:29 PM org.neo4j.server.logging.Logger log
INFO: adding statistic-filter to /
Mar 26, 2012 11:33:29 PM org.neo4j.server.logging.Logger log
INFO: Server started on [http://localhost:7474/]
Mar 27, 2012 12:32:04 PM org.neo4j.server.logging.Logger log
INFO: Starting Neo Server on port [7474] with [40] threads available
Mar 27, 2012 12:32:04 PM org.mortbay.log.Slf4jLog info
INFO: Logging to org.slf4j.impl.JDK14LoggerAdapter(org.mortbay.log) via org.mortbay.log.Slf4jLog
Mar 27, 2012 12:32:04 PM org.neo4j.server.logging.Logger log
INFO: Using database at C:\Projects\THEREA~1\Tools\NEO4J-~1.1\data\graph.db
Mar 27, 2012 12:32:05 PM org.neo4j.kernel.impl.transaction.xaframework.XaLogicalLog doInternalRecovery
INFO: Non clean shutdown detected on log [C:\Projects\TheRealDeal\Tools\neo4j-community-1.6.1\data\graph.db\nioneo_logical.log.2]. Recovery started ...
Mar 27, 2012 12:32:06 PM org.neo4j.kernel.impl.transaction.xaframework.XaLogicalLog doInternalRecovery
INFO: Non clean shutdown detected on log [C:\Projects\TheRealDeal\Tools\neo4j-community-1.6.1\data\graph.db\index\lucene.log.1]. Recovery started ...
Mar 27, 2012 12:32:08 PM org.neo4j.server.logging.Logger log
INFO: Mounted discovery module at [/]
Mar 27, 2012 12:32:08 PM org.neo4j.server.logging.Logger log
INFO: Loaded server plugin "CypherPlugin"
Mar 27, 2012 12:32:08 PM org.neo4j.server.logging.Logger log
INFO: Loaded server plugin "GremlinPlugin"
Mar 27, 2012 12:32:08 PM org.neo4j.server.logging.Logger log
INFO: Mounted REST API at [/db/data/]
Mar 27, 2012 12:32:08 PM org.neo4j.server.logging.Logger log
INFO: Mounted management API at [/db/manage/]
Mar 27, 2012 12:32:08 PM org.neo4j.server.logging.Logger log
INFO: Mounted webadmin at [/webadmin]
Mar 27, 2012 12:32:08 PM org.neo4j.server.logging.Logger log
INFO: Mounting static content at [/webadmin] from [webadmin-html]
Mar 27, 2012 12:32:08 PM org.mortbay.log.Slf4jLog info
INFO: jetty-6.1.25
Mar 27, 2012 12:32:08 PM org.mortbay.log.Slf4jLog info
INFO: NO JSP Support for /webadmin, did not find org.apache.jasper.servlet.JspServlet
Mar 27, 2012 12:32:08 PM com.sun.jersey.api.core.PackagesResourceConfig init
INFO: Scanning for root resource and provider classes in the packages:
  org.neo4j.server.webadmin.rest
Mar 27, 2012 12:32:08 PM com.sun.jersey.api.core.ScanningResourceConfig logClasses
INFO: Root resource classes found:
  class org.neo4j.server.webadmin.rest.MonitorService
  class org.neo4j.server.webadmin.rest.RootService
  class org.neo4j.server.webadmin.rest.ConsoleService
  class org.neo4j.server.webadmin.rest.JmxService
Mar 27, 2012 12:32:08 PM com.sun.jersey.api.core.ScanningResourceConfig init
INFO: No provider classes found.
Mar 27, 2012 12:32:09 PM com.sun.jersey.server.impl.application.WebApplicationImpl _initiate
INFO: Initiating Jersey application, version 'Jersey: 1.9 09/02/2011 11:17 AM'
Mar 27, 2012 12:32:09 PM com.sun.jersey.api.core.PackagesResourceConfig init
INFO: Scanning for root resource and provider classes in the packages:
  org.neo4j.server.rest.web
Mar 27, 2012 12:32:09 PM com.sun.jersey.api.core.ScanningResourceConfig logClasses
INFO: Root resource classes found:
  class org.neo4j.server.rest.web.CypherService
  class org.neo4j.server.rest.web.DatabaseMetadataService
  class org.neo4j.server.rest.web.RestfulGraphDatabase
  class org.neo4j.server.rest.web.ResourcesService
  class org.neo4j.server.rest.web.ExtensionService
  class org.neo4j.server.rest.web.BatchOperationService
Mar 27, 2012 12:32:09 PM com.sun.jersey.api.core.ScanningResourceConfig logClasses
INFO: Provider classes found:
  class org.neo4j.server.rest.web.DatabaseBlockedExceptionMapper
Mar 27, 2012 12:32:09 PM com.sun.jersey.server.impl.application.WebApplicationImpl _initiate
INFO: Initiating Jersey application, version 'Jersey: 1.9 09/02/2011 11:17 AM'
Mar 27, 2012 12:32:10 PM com.sun.jersey.api.core.PackagesResourceConfig init
INFO: Scanning for root resource and provider classes in the packages:
  org.neo4j.server.rest.discovery
Mar 27, 2012 12:32:10 PM com.sun.jersey.api.core.ScanningResourceConfig logClasses
INFO: Root resource classes found:
  class org.neo4j.server.rest.discovery.DiscoveryService
Mar 27, 2012 12:32:10 PM com.sun.jersey.api.core.ScanningResourceConfig init
INFO: No provider classes found.
Mar 27, 2012 12:32:10 PM com.sun.jersey.server.impl.application.WebApplicationImpl _initiate
INFO: Initiating Jersey application, version 'Jersey: 1.9 09/02/2011 11:17 AM'
Mar 27, 2012 12:32:10 PM org.mortbay.log.Slf4jLog info
INFO: Started SelectChannelConnector@localhost:7474
Mar 27, 2012 12:32:10 PM org.neo4j.server.logging.Logger log
INFO: adding statistic-filter to /webadmin
Mar 27, 2012 12:32:10 PM org.neo4j.server.logging.Logger log
INFO: adding statistic-filter to /db/manage
Mar 27, 2012 12:32:10 PM org.neo4j.server.logging.Logger log
INFO: adding statistic-filter to /db/data
Mar 27, 2012 12:32:10 PM org.neo4j.server.logging.Logger log
INFO: adding statistic-filter to /
Mar 27, 2012 12:32:10 PM org.neo4j.server.logging.Logger log
INFO: Server started on [http://localhost:7474/]
